----------------------------------------
Timestamp: 6/8/2017 11:38:39 AM

Message: Operation: 'ModelReset'. Parameters: 'notify:True'. Reason: 'MetaDataChange|InvalidatedModules:Telerik.Sitefinity.Security.Data.OpenAccessProfileProvider'. User: 'Anonymous'. StackTrace: '
Telerik.Sitefinity.Data.OA.OpenAccessConnection: Void ResetModel(Telerik.Sitefinity.Services.OperationReason, Boolean)
Telerik.Sitefinity.Data.TransactionManager: Void CommitTransaction(System.String)
Telerik.Sitefinity.Abstractions.SiteInitializer: Void SaveChanges(Boolean)
Telerik.Sitefinity.Abstractions.SiteInitializer: Void InstallDefaults()
Telerik.Sitefinity.Services.SystemManager: Boolean Initialize()
Telerik.Sitefinity.Web.UI.Backend.StartupWizard: Void wizard_FinishButtonClick(System.Object, Telerik.Sitefinity.Web.UI.Backend.InternalWizardNavigationEventArgs)
Telerik.Sitefinity.Web.UI.Backend.InternalWizard: Void OnFinishButtonClick(Telerik.Sitefinity.Web.UI.Backend.InternalWizardNavigationEventArgs)
Telerik.Sitefinity.Web.UI.Backend.InternalWizard: Boolean OnBubbleEvent(System.Object, System.EventArgs)
System.Web.UI.Control: Void RaiseBubbleEvent(System.Object, System.EventArgs)
System.Web.UI.Page: Void ProcessRequestMain(Boolean, Boolean)
System.Web.UI.Page: Void ProcessRequest(Boolean, Boolean)
System.Web.UI.Page: Void ProcessRequest()
System.Web.UI.Page: Void ProcessRequest(System.Web.HttpContext)
System.Web.HttpApplication+CallHandlerExecutionStep: Void System.Web.HttpApplication.IExecutionStep.Execute()
System.Web.HttpApplication: System.Exception ExecuteStep(IExecutionStep, Boolean ByRef)
System.Web.HttpApplication+PipelineStepManager: Void ResumeSteps(System.Exception)
System.Web.HttpApplication: System.IAsyncResult BeginProcessRequestNotification(System.Web.HttpContext, System.AsyncCallback)
System.Web.HttpRuntime: System.Web.RequestNotificationStatus ProcessRequestNotificationPrivate(System.Web.Hosting.IIS7WorkerRequest, System.Web.HttpContext)
System.Web.Hosting.PipelineRuntime: Int32 ProcessRequestNotificationHelper(IntPtr, IntPtr, IntPtr, Int32)
System.Web.Hosting.PipelineRuntime: Int32 ProcessRequestNotification(IntPtr, IntPtr, IntPtr, Int32)
System.Web.Hosting.UnsafeIISMethods: Void MgdIndicateCompletion(IntPtr, System.Web.RequestNotificationStatus ByRef)
System.Web.Hosting.UnsafeIISMethods: Void MgdIndicateCompletion(IntPtr, System.Web.RequestNotificationStatus ByRef)
System.Web.Hosting.PipelineRuntime: Int32 ProcessRequestNotificationHelper(IntPtr, IntPtr, IntPtr, Int32)
System.Web.Hosting.PipelineRuntime: Int32 ProcessRequestNotification(IntPtr, IntPtr, IntPtr, Int32)'.


----------------------------------------
----------------------------------------
Timestamp: 6/8/2017 11:38:51 AM

Message: Operation: 'ModelReset'. Parameters: 'notify:True'. Reason: 'MetaDataChange|InvalidatedModules:Telerik.Sitefinity.Modules.Libraries.Data.OpenAccessLibrariesProvider'. User: 'Anonymous'. StackTrace: '
Telerik.Sitefinity.Data.OA.OpenAccessConnection: Void ResetModel(Telerik.Sitefinity.Services.OperationReason, Boolean)
Telerik.Sitefinity.Data.TransactionManager: Void CommitTransaction(System.String)
Telerik.Sitefinity.Abstractions.SiteInitializer: Void SaveChanges(Boolean)
Telerik.Sitefinity.Services.SystemManager: Telerik.Sitefinity.Services.IModule InitializeModule(Telerik.Sitefinity.Services.ModuleSettings, Telerik.Sitefinity.Services.InstallContext, ModuleVersionInfo, System.Nullable`1[System.Boolean], Boolean)
Telerik.Sitefinity.Services.SystemManager: Boolean Initialize()
Telerik.Sitefinity.Web.UI.Backend.StartupWizard: Void wizard_FinishButtonClick(System.Object, Telerik.Sitefinity.Web.UI.Backend.InternalWizardNavigationEventArgs)
Telerik.Sitefinity.Web.UI.Backend.InternalWizard: Void OnFinishButtonClick(Telerik.Sitefinity.Web.UI.Backend.InternalWizardNavigationEventArgs)
Telerik.Sitefinity.Web.UI.Backend.InternalWizard: Boolean OnBubbleEvent(System.Object, System.EventArgs)
System.Web.UI.Control: Void RaiseBubbleEvent(System.Object, System.EventArgs)
System.Web.UI.Page: Void ProcessRequestMain(Boolean, Boolean)
System.Web.UI.Page: Void ProcessRequest(Boolean, Boolean)
System.Web.UI.Page: Void ProcessRequest()
System.Web.UI.Page: Void ProcessRequest(System.Web.HttpContext)
System.Web.HttpApplication+CallHandlerExecutionStep: Void System.Web.HttpApplication.IExecutionStep.Execute()
System.Web.HttpApplication: System.Exception ExecuteStep(IExecutionStep, Boolean ByRef)
System.Web.HttpApplication+PipelineStepManager: Void ResumeSteps(System.Exception)
System.Web.HttpApplication: System.IAsyncResult BeginProcessRequestNotification(System.Web.HttpContext, System.AsyncCallback)
System.Web.HttpRuntime: System.Web.RequestNotificationStatus ProcessRequestNotificationPrivate(System.Web.Hosting.IIS7WorkerRequest, System.Web.HttpContext)
System.Web.Hosting.PipelineRuntime: Int32 ProcessRequestNotificationHelper(IntPtr, IntPtr, IntPtr, Int32)
System.Web.Hosting.PipelineRuntime: Int32 ProcessRequestNotification(IntPtr, IntPtr, IntPtr, Int32)
System.Web.Hosting.UnsafeIISMethods: Void MgdIndicateCompletion(IntPtr, System.Web.RequestNotificationStatus ByRef)
System.Web.Hosting.UnsafeIISMethods: Void MgdIndicateCompletion(IntPtr, System.Web.RequestNotificationStatus ByRef)
System.Web.Hosting.PipelineRuntime: Int32 ProcessRequestNotificationHelper(IntPtr, IntPtr, IntPtr, Int32)
System.Web.Hosting.PipelineRuntime: Int32 ProcessRequestNotification(IntPtr, IntPtr, IntPtr, Int32)'.


----------------------------------------
----------------------------------------
Timestamp: 6/8/2017 11:39:05 AM

Message: Operation: 'ModelReset'. Parameters: 'notify:True'. Reason: 'MetaDataChange|InvalidatedModules:Telerik.Sitefinity.Modules.Ecommerce.Catalog.Data.OpenAccessCatalogDataProvider'. User: 'Anonymous'. StackTrace: '
Telerik.Sitefinity.Data.OA.OpenAccessConnection: Void ResetModel(Telerik.Sitefinity.Services.OperationReason, Boolean)
Telerik.Sitefinity.Data.TransactionManager: Void CommitTransaction(System.String)
Telerik.Sitefinity.Abstractions.SiteInitializer: Void SaveChanges(Boolean)
Telerik.Sitefinity.Services.SystemManager: Telerik.Sitefinity.Services.IModule InitializeModule(Telerik.Sitefinity.Services.ModuleSettings, Telerik.Sitefinity.Services.InstallContext, ModuleVersionInfo, System.Nullable`1[System.Boolean], Boolean)
Telerik.Sitefinity.Services.SystemManager: Boolean Initialize()
Telerik.Sitefinity.Web.UI.Backend.StartupWizard: Void wizard_FinishButtonClick(System.Object, Telerik.Sitefinity.Web.UI.Backend.InternalWizardNavigationEventArgs)
Telerik.Sitefinity.Web.UI.Backend.InternalWizard: Void OnFinishButtonClick(Telerik.Sitefinity.Web.UI.Backend.InternalWizardNavigationEventArgs)
Telerik.Sitefinity.Web.UI.Backend.InternalWizard: Boolean OnBubbleEvent(System.Object, System.EventArgs)
System.Web.UI.Control: Void RaiseBubbleEvent(System.Object, System.EventArgs)
System.Web.UI.Page: Void ProcessRequestMain(Boolean, Boolean)
System.Web.UI.Page: Void ProcessRequest(Boolean, Boolean)
System.Web.UI.Page: Void ProcessRequest()
System.Web.UI.Page: Void ProcessRequest(System.Web.HttpContext)
System.Web.HttpApplication+CallHandlerExecutionStep: Void System.Web.HttpApplication.IExecutionStep.Execute()
System.Web.HttpApplication: System.Exception ExecuteStep(IExecutionStep, Boolean ByRef)
System.Web.HttpApplication+PipelineStepManager: Void ResumeSteps(System.Exception)
System.Web.HttpApplication: System.IAsyncResult BeginProcessRequestNotification(System.Web.HttpContext, System.AsyncCallback)
System.Web.HttpRuntime: System.Web.RequestNotificationStatus ProcessRequestNotificationPrivate(System.Web.Hosting.IIS7WorkerRequest, System.Web.HttpContext)
System.Web.Hosting.PipelineRuntime: Int32 ProcessRequestNotificationHelper(IntPtr, IntPtr, IntPtr, Int32)
System.Web.Hosting.PipelineRuntime: Int32 ProcessRequestNotification(IntPtr, IntPtr, IntPtr, Int32)
System.Web.Hosting.UnsafeIISMethods: Void MgdIndicateCompletion(IntPtr, System.Web.RequestNotificationStatus ByRef)
System.Web.Hosting.UnsafeIISMethods: Void MgdIndicateCompletion(IntPtr, System.Web.RequestNotificationStatus ByRef)
System.Web.Hosting.PipelineRuntime: Int32 ProcessRequestNotificationHelper(IntPtr, IntPtr, IntPtr, Int32)
System.Web.Hosting.PipelineRuntime: Int32 ProcessRequestNotification(IntPtr, IntPtr, IntPtr, Int32)'.


----------------------------------------
----------------------------------------
Timestamp: 6/8/2017 11:39:13 AM

Message: Operation: 'ModelReset'. Parameters: 'notify:True'. Reason: 'MetaDataChange|InvalidatedModules:Telerik.Sitefinity.Security.Data.OpenAccessProfileProvider'. User: 'Anonymous'. StackTrace: '
Telerik.Sitefinity.Data.OA.OpenAccessConnection: Void ResetModel(Telerik.Sitefinity.Services.OperationReason, Boolean)
Telerik.Sitefinity.Data.TransactionManager: Void CommitTransaction(System.String)
Telerik.Sitefinity.Abstractions.SiteInitializer: Void SaveChanges(Boolean)
Telerik.Sitefinity.Services.SystemManager: Telerik.Sitefinity.Services.IModule InitializeModule(Telerik.Sitefinity.Services.ModuleSettings, Telerik.Sitefinity.Services.InstallContext, ModuleVersionInfo, System.Nullable`1[System.Boolean], Boolean)
Telerik.Sitefinity.Services.SystemManager: Boolean Initialize()
Telerik.Sitefinity.Web.UI.Backend.StartupWizard: Void wizard_FinishButtonClick(System.Object, Telerik.Sitefinity.Web.UI.Backend.InternalWizardNavigationEventArgs)
Telerik.Sitefinity.Web.UI.Backend.InternalWizard: Void OnFinishButtonClick(Telerik.Sitefinity.Web.UI.Backend.InternalWizardNavigationEventArgs)
Telerik.Sitefinity.Web.UI.Backend.InternalWizard: Boolean OnBubbleEvent(System.Object, System.EventArgs)
System.Web.UI.Control: Void RaiseBubbleEvent(System.Object, System.EventArgs)
System.Web.UI.Page: Void ProcessRequestMain(Boolean, Boolean)
System.Web.UI.Page: Void ProcessRequest(Boolean, Boolean)
System.Web.UI.Page: Void ProcessRequest()
System.Web.UI.Page: Void ProcessRequest(System.Web.HttpContext)
System.Web.HttpApplication+CallHandlerExecutionStep: Void System.Web.HttpApplication.IExecutionStep.Execute()
System.Web.HttpApplication: System.Exception ExecuteStep(IExecutionStep, Boolean ByRef)
System.Web.HttpApplication+PipelineStepManager: Void ResumeSteps(System.Exception)
System.Web.HttpApplication: System.IAsyncResult BeginProcessRequestNotification(System.Web.HttpContext, System.AsyncCallback)
System.Web.HttpRuntime: System.Web.RequestNotificationStatus ProcessRequestNotificationPrivate(System.Web.Hosting.IIS7WorkerRequest, System.Web.HttpContext)
System.Web.Hosting.PipelineRuntime: Int32 ProcessRequestNotificationHelper(IntPtr, IntPtr, IntPtr, Int32)
System.Web.Hosting.PipelineRuntime: Int32 ProcessRequestNotification(IntPtr, IntPtr, IntPtr, Int32)
System.Web.Hosting.UnsafeIISMethods: Void MgdIndicateCompletion(IntPtr, System.Web.RequestNotificationStatus ByRef)
System.Web.Hosting.UnsafeIISMethods: Void MgdIndicateCompletion(IntPtr, System.Web.RequestNotificationStatus ByRef)
System.Web.Hosting.PipelineRuntime: Int32 ProcessRequestNotificationHelper(IntPtr, IntPtr, IntPtr, Int32)
System.Web.Hosting.PipelineRuntime: Int32 ProcessRequestNotification(IntPtr, IntPtr, IntPtr, Int32)'.


----------------------------------------
----------------------------------------
Timestamp: 6/8/2017 11:39:35 AM

Message: Operation: 'ApplicationRestart'. Parameters: 'flags:Default;sendRestartApplicationSystemMessage:True'. Reason: 'SystemSetup'. User: 'Anonymous'. StackTrace: '
Telerik.Sitefinity.Services.SystemManager: Boolean RestartApplication(Telerik.Sitefinity.Services.OperationReason, Telerik.Sitefinity.Services.SystemRestartFlags, Boolean)
Telerik.Sitefinity.Web.UI.Backend.StartupWizard: Void wizard_FinishButtonClick(System.Object, Telerik.Sitefinity.Web.UI.Backend.InternalWizardNavigationEventArgs)
Telerik.Sitefinity.Web.UI.Backend.InternalWizard: Void OnFinishButtonClick(Telerik.Sitefinity.Web.UI.Backend.InternalWizardNavigationEventArgs)
Telerik.Sitefinity.Web.UI.Backend.InternalWizard: Boolean OnBubbleEvent(System.Object, System.EventArgs)
System.Web.UI.Control: Void RaiseBubbleEvent(System.Object, System.EventArgs)
System.Web.UI.Page: Void ProcessRequestMain(Boolean, Boolean)
System.Web.UI.Page: Void ProcessRequest(Boolean, Boolean)
System.Web.UI.Page: Void ProcessRequest()
System.Web.UI.Page: Void ProcessRequest(System.Web.HttpContext)
System.Web.HttpApplication+CallHandlerExecutionStep: Void System.Web.HttpApplication.IExecutionStep.Execute()
System.Web.HttpApplication: System.Exception ExecuteStep(IExecutionStep, Boolean ByRef)
System.Web.HttpApplication+PipelineStepManager: Void ResumeSteps(System.Exception)
System.Web.HttpApplication: System.IAsyncResult BeginProcessRequestNotification(System.Web.HttpContext, System.AsyncCallback)
System.Web.HttpRuntime: System.Web.RequestNotificationStatus ProcessRequestNotificationPrivate(System.Web.Hosting.IIS7WorkerRequest, System.Web.HttpContext)
System.Web.Hosting.PipelineRuntime: Int32 ProcessRequestNotificationHelper(IntPtr, IntPtr, IntPtr, Int32)
System.Web.Hosting.PipelineRuntime: Int32 ProcessRequestNotification(IntPtr, IntPtr, IntPtr, Int32)
System.Web.Hosting.UnsafeIISMethods: Void MgdIndicateCompletion(IntPtr, System.Web.RequestNotificationStatus ByRef)
System.Web.Hosting.UnsafeIISMethods: Void MgdIndicateCompletion(IntPtr, System.Web.RequestNotificationStatus ByRef)
System.Web.Hosting.PipelineRuntime: Int32 ProcessRequestNotificationHelper(IntPtr, IntPtr, IntPtr, Int32)
System.Web.Hosting.PipelineRuntime: Int32 ProcessRequestNotification(IntPtr, IntPtr, IntPtr, Int32)'.


----------------------------------------
----------------------------------------
Timestamp: 6/8/2017 11:39:44 AM

Message: Operation: 'ModelReset'. Parameters: 'notify:True'. Reason: 'MetaDataChange|InvalidatedModules:Telerik.Sitefinity.Publishing.Data.OpenAccessPublishingPointDynamicTypeProvider'. User: 'Anonymous'. StackTrace: '
Telerik.Sitefinity.Data.OA.OpenAccessConnection: Void ResetModel(Telerik.Sitefinity.Services.OperationReason, Boolean)
Telerik.Sitefinity.Data.Decorators.OpenAccessDecorator: Void EnsureModelReset()
Telerik.Sitefinity.Data.Metadata.OpenAccessMetaDataProvider: Void CommitTransaction(Boolean)
DynamicModule.ns.Wrapped_OpenAccessMetaDataProvider_046fd8b6c95d4ea59117e3b98b4d4c65: Telerik.Microsoft.Practices.Unity.InterceptionExtension.IMethodReturn <CommitTransaction_DelegateImplementation>__36(Telerik.Microsoft.Practices.Unity.InterceptionExtension.IMethodInvocation, Telerik.Microsoft.Practices.Unity.InterceptionExtension.GetNextInterceptionBehaviorDelegate)
Telerik.Sitefinity.Data.DataEventsCallHandler: Telerik.Microsoft.Practices.Unity.InterceptionExtension.IMethodReturn Invoke(Telerik.Microsoft.Practices.Unity.InterceptionExtension.IMethodInvocation, Telerik.Microsoft.Practices.Unity.InterceptionExtension.GetNextHandlerDelegate)
Telerik.Sitefinity.Security.SitefinityAuthorizationCallHandler: Telerik.Microsoft.Practices.Unity.InterceptionExtension.IMethodReturn Invoke(Telerik.Microsoft.Practices.Unity.InterceptionExtension.IMethodInvocation, Telerik.Microsoft.Practices.Unity.InterceptionExtension.GetNextHandlerDelegate)
DynamicModule.ns.Wrapped_OpenAccessMetaDataProvider_046fd8b6c95d4ea59117e3b98b4d4c65: Void CommitTransaction(Boolean)
DynamicModule.ns.Wrapped_OpenAccessMetaDataProvider_046fd8b6c95d4ea59117e3b98b4d4c65: Telerik.Microsoft.Practices.Unity.InterceptionExtension.IMethodReturn <CommitTransaction_DelegateImplementation>__35(Telerik.Microsoft.Practices.Unity.InterceptionExtension.IMethodInvocation, Telerik.Microsoft.Practices.Unity.InterceptionExtension.GetNextInterceptionBehaviorDelegate)
Telerik.Sitefinity.Data.DataEventsCallHandler: Telerik.Microsoft.Practices.Unity.InterceptionExtension.IMethodReturn Invoke(Telerik.Microsoft.Practices.Unity.InterceptionExtension.IMethodInvocation, Telerik.Microsoft.Practices.Unity.InterceptionExtension.GetNextHandlerDelegate)
Telerik.Sitefinity.Security.SitefinityAuthorizationCallHandler: Telerik.Microsoft.Practices.Unity.InterceptionExtension.IMethodReturn Invoke(Telerik.Microsoft.Practices.Unity.InterceptionExtension.IMethodInvocation, Telerik.Microsoft.Practices.Unity.InterceptionExtension.GetNextHandlerDelegate)
DynamicModule.ns.Wrapped_OpenAccessMetaDataProvider_046fd8b6c95d4ea59117e3b98b4d4c65: Void CommitTransaction()
Telerik.Sitefinity.Data.ManagerBase`1: Void SaveChanges(System.String)
Telerik.Sitefinity.Publishing.PublishingPoints.PublishingPointFactory: Void CreatePublishingPointDataItem(System.Collections.Generic.IEnumerable`1[Telerik.Sitefinity.Publishing.Model.IDefinitionField], Telerik.Sitefinity.Publishing.Model.IPublishingPoint, Telerik.Sitefinity.Data.Metadata.MetadataManager)
Telerik.Sitefinity.Forums.ForumsModule: Void CreateForumPublishingPoint()
Telerik.Sitefinity.Publishing.PublishingModule: Void Bootstrapper_Initialized(System.Object, Telerik.Sitefinity.Data.ExecutedEventArgs)
System.EventHandler`1: Void Invoke(System.Object, TEventArgs)
Telerik.Sitefinity.Abstractions.Bootstrapper: Void OnInitialized(System.Object, Telerik.Sitefinity.Data.ExecutedEventArgs)
Telerik.Sitefinity.Abstractions.Bootstrapper: Boolean Bootstrap()
Telerik.Sitefinity.Services.SystemManager: Boolean RestartApplication(Telerik.Sitefinity.Services.OperationReason, Telerik.Sitefinity.Services.SystemRestartFlags, Boolean)
Telerik.Sitefinity.Web.UI.Backend.StartupWizard: Void wizard_FinishButtonClick(System.Object, Telerik.Sitefinity.Web.UI.Backend.InternalWizardNavigationEventArgs)
Telerik.Sitefinity.Web.UI.Backend.InternalWizard: Void OnFinishButtonClick(Telerik.Sitefinity.Web.UI.Backend.InternalWizardNavigationEventArgs)
Telerik.Sitefinity.Web.UI.Backend.InternalWizard: Boolean OnBubbleEvent(System.Object, System.EventArgs)
System.Web.UI.Control: Void RaiseBubbleEvent(System.Object, System.EventArgs)
System.Web.UI.Page: Void ProcessRequestMain(Boolean, Boolean)
System.Web.UI.Page: Void ProcessRequest(Boolean, Boolean)
System.Web.UI.Page: Void ProcessRequest()
System.Web.UI.Page: Void ProcessRequest(System.Web.HttpContext)
System.Web.HttpApplication+CallHandlerExecutionStep: Void System.Web.HttpApplication.IExecutionStep.Execute()
System.Web.HttpApplication: System.Exception ExecuteStep(IExecutionStep, Boolean ByRef)
System.Web.HttpApplication+PipelineStepManager: Void ResumeSteps(System.Exception)
System.Web.HttpApplication: System.IAsyncResult BeginProcessRequestNotification(System.Web.HttpContext, System.AsyncCallback)
System.Web.HttpRuntime: System.Web.RequestNotificationStatus ProcessRequestNotificationPrivate(System.Web.Hosting.IIS7WorkerRequest, System.Web.HttpContext)
System.Web.Hosting.PipelineRuntime: Int32 ProcessRequestNotificationHelper(IntPtr, IntPtr, IntPtr, Int32)
System.Web.Hosting.PipelineRuntime: Int32 ProcessRequestNotification(IntPtr, IntPtr, IntPtr, Int32)
System.Web.Hosting.UnsafeIISMethods: Void MgdIndicateCompletion(IntPtr, System.Web.RequestNotificationStatus ByRef)
System.Web.Hosting.UnsafeIISMethods: Void MgdIndicateCompletion(IntPtr, System.Web.RequestNotificationStatus ByRef)
System.Web.Hosting.PipelineRuntime: Int32 ProcessRequestNotificationHelper(IntPtr, IntPtr, IntPtr, Int32)
System.Web.Hosting.PipelineRuntime: Int32 ProcessRequestNotification(IntPtr, IntPtr, IntPtr, Int32)'.


----------------------------------------
----------------------------------------
Timestamp: 6/8/2017 12:43:03 PM

Message: Shutting down threadpool...


----------------------------------------
----------------------------------------
Timestamp: 6/8/2017 12:43:03 PM

Message: Thread pool 'http://WIN-A32Q8I8A6BR/Sitefinity/Services/LoadBalancing/SystemWebService.svc/HandleMessages': Shutdown of thread pool completed. All currently running threads will finish their work and stop.


----------------------------------------
----------------------------------------
Timestamp: 6/8/2017 12:43:03 PM

Message: Shutting down threadpool...


----------------------------------------
----------------------------------------
Timestamp: 6/8/2017 12:43:03 PM

Message: Thread pool 'http://WIN-95PU1DLL9G9/Sitefinity/Services/LoadBalancing/SystemWebService.svc/HandleMessages': Shutdown of thread pool completed. All currently running threads will finish their work and stop.


----------------------------------------
----------------------------------------
Timestamp: 6/8/2017 12:43:03 PM

Message: Shutting down threadpool...


----------------------------------------
----------------------------------------
Timestamp: 6/8/2017 12:43:03 PM

Message: Thread pool 'BackgroundTasksService': Shutdown of thread pool completed. All currently running threads will finish their work and stop.


----------------------------------------
----------------------------------------
Timestamp: 6/8/2017 12:43:03 PM

Message: WorkerThread is shut down


----------------------------------------
----------------------------------------
Timestamp: 6/8/2017 12:43:03 PM

Message: WorkerThread is shut down


----------------------------------------
----------------------------------------
Timestamp: 6/8/2017 12:43:03 PM

Message: WorkerThread is shut down


----------------------------------------
----------------------------------------
Timestamp: 6/8/2017 12:43:03 PM

Message: WorkerThread is shut down


----------------------------------------
----------------------------------------
Timestamp: 6/8/2017 12:43:03 PM

Message: WorkerThread is shut down


----------------------------------------
----------------------------------------
Timestamp: 6/8/2017 12:43:03 PM

Message: WorkerThread is shut down


----------------------------------------
----------------------------------------
Timestamp: 6/8/2017 12:43:04 PM

Message: Background task scheduler shut down


----------------------------------------
----------------------------------------
Timestamp: 6/8/2017 12:43:04 PM

Message: Background task scheduler shut down


----------------------------------------
----------------------------------------
Timestamp: 6/8/2017 12:43:04 PM

Message: Background task scheduler shut down


----------------------------------------
----------------------------------------
Timestamp: 6/8/2017 12:43:33 PM

Message: Shutting down threadpool...


----------------------------------------
----------------------------------------
Timestamp: 6/8/2017 12:43:33 PM

Message: Thread pool 'http://WIN-A32Q8I8A6BR/Sitefinity/Services/LoadBalancing/SystemWebService.svc/HandleMessages': Shutdown of thread pool completed. Threads aborted.


----------------------------------------
----------------------------------------
Timestamp: 6/8/2017 12:43:33 PM

Message: Shutting down threadpool...


----------------------------------------
----------------------------------------
Timestamp: 6/8/2017 12:43:33 PM

Message: Thread pool 'http://WIN-95PU1DLL9G9/Sitefinity/Services/LoadBalancing/SystemWebService.svc/HandleMessages': Shutdown of thread pool completed. Threads aborted.


----------------------------------------
----------------------------------------
Timestamp: 6/8/2017 12:43:33 PM

Message: Shutting down threadpool...


----------------------------------------
----------------------------------------
Timestamp: 6/8/2017 12:43:33 PM

Message: Thread pool 'BackgroundTasksService': Shutdown of thread pool completed. Threads aborted.


----------------------------------------
----------------------------------------
Timestamp: 6/8/2017 1:51:25 PM

Message: Shutting down threadpool...


----------------------------------------
----------------------------------------
Timestamp: 6/8/2017 1:51:25 PM

Message: Thread pool 'http://WIN-A32Q8I8A6BR/Sitefinity/Services/LoadBalancing/SystemWebService.svc/HandleMessages': Shutdown of thread pool completed. All currently running threads will finish their work and stop.


----------------------------------------
----------------------------------------
Timestamp: 6/8/2017 1:51:25 PM

Message: Shutting down threadpool...


----------------------------------------
----------------------------------------
Timestamp: 6/8/2017 1:51:25 PM

Message: Thread pool 'http://WIN-95PU1DLL9G9/Sitefinity/Services/LoadBalancing/SystemWebService.svc/HandleMessages': Shutdown of thread pool completed. All currently running threads will finish their work and stop.


----------------------------------------
----------------------------------------
Timestamp: 6/8/2017 1:51:25 PM

Message: WorkerThread is shut down


----------------------------------------
----------------------------------------
Timestamp: 6/8/2017 1:51:25 PM

Message: WorkerThread is shut down


----------------------------------------
----------------------------------------
Timestamp: 6/8/2017 1:51:25 PM

Message: WorkerThread is shut down


----------------------------------------
----------------------------------------
Timestamp: 6/8/2017 1:51:25 PM

Message: Background task scheduler shut down


----------------------------------------
----------------------------------------
Timestamp: 6/8/2017 1:51:25 PM

Message: WorkerThread is shut down


----------------------------------------
----------------------------------------
Timestamp: 6/8/2017 1:51:25 PM

Message: Background task scheduler shut down


----------------------------------------
----------------------------------------
Timestamp: 6/8/2017 1:51:55 PM

Message: Shutting down threadpool...


----------------------------------------
----------------------------------------
Timestamp: 6/8/2017 1:51:55 PM

Message: Thread pool 'http://WIN-A32Q8I8A6BR/Sitefinity/Services/LoadBalancing/SystemWebService.svc/HandleMessages': Shutdown of thread pool completed. Threads aborted.


----------------------------------------
----------------------------------------
Timestamp: 6/8/2017 1:51:55 PM

Message: Shutting down threadpool...


----------------------------------------
----------------------------------------
Timestamp: 6/8/2017 1:51:55 PM

Message: Thread pool 'http://WIN-95PU1DLL9G9/Sitefinity/Services/LoadBalancing/SystemWebService.svc/HandleMessages': Shutdown of thread pool completed. Threads aborted.


----------------------------------------
----------------------------------------
Timestamp: 6/8/2017 2:47:25 PM

Message: Shutting down threadpool...


----------------------------------------
----------------------------------------
Timestamp: 6/8/2017 2:47:25 PM

Message: Thread pool 'http://WIN-A32Q8I8A6BR/Sitefinity/Services/LoadBalancing/SystemWebService.svc/HandleMessages': Shutdown of thread pool completed. All currently running threads will finish their work and stop.


----------------------------------------
----------------------------------------
Timestamp: 6/8/2017 2:47:25 PM

Message: Shutting down threadpool...


----------------------------------------
----------------------------------------
Timestamp: 6/8/2017 2:47:25 PM

Message: Thread pool 'http://WIN-95PU1DLL9G9/Sitefinity/Services/LoadBalancing/SystemWebService.svc/HandleMessages': Shutdown of thread pool completed. All currently running threads will finish their work and stop.


----------------------------------------
----------------------------------------
Timestamp: 6/8/2017 2:47:25 PM

Message: Shutting down threadpool...


----------------------------------------
----------------------------------------
Timestamp: 6/8/2017 2:47:25 PM

Message: Thread pool 'BackgroundTasksService': Shutdown of thread pool completed. All currently running threads will finish their work and stop.


----------------------------------------
----------------------------------------
Timestamp: 6/8/2017 2:47:25 PM

Message: WorkerThread is shut down


----------------------------------------
----------------------------------------
Timestamp: 6/8/2017 2:47:25 PM

Message: Background task scheduler shut down


----------------------------------------
----------------------------------------
Timestamp: 6/8/2017 2:47:25 PM

Message: WorkerThread is shut down


----------------------------------------
----------------------------------------
Timestamp: 6/8/2017 2:47:25 PM

Message: WorkerThread is shut down


----------------------------------------
----------------------------------------
Timestamp: 6/8/2017 2:47:25 PM

Message: WorkerThread is shut down


----------------------------------------
----------------------------------------
Timestamp: 6/8/2017 2:47:25 PM

Message: Background task scheduler shut down


----------------------------------------
----------------------------------------
Timestamp: 6/8/2017 2:47:25 PM

Message: WorkerThread is shut down


----------------------------------------
----------------------------------------
Timestamp: 6/8/2017 2:47:25 PM

Message: Background task scheduler shut down


----------------------------------------
----------------------------------------
Timestamp: 6/8/2017 2:47:25 PM

Message: WorkerThread is shut down


----------------------------------------
----------------------------------------
Timestamp: 6/8/2017 2:47:55 PM

Message: Shutting down threadpool...


----------------------------------------
----------------------------------------
Timestamp: 6/8/2017 2:47:55 PM

Message: Thread pool 'http://WIN-A32Q8I8A6BR/Sitefinity/Services/LoadBalancing/SystemWebService.svc/HandleMessages': Shutdown of thread pool completed. Threads aborted.


----------------------------------------
----------------------------------------
Timestamp: 6/8/2017 2:47:55 PM

Message: Shutting down threadpool...


----------------------------------------
----------------------------------------
Timestamp: 6/8/2017 2:47:55 PM

Message: Thread pool 'http://WIN-95PU1DLL9G9/Sitefinity/Services/LoadBalancing/SystemWebService.svc/HandleMessages': Shutdown of thread pool completed. Threads aborted.


----------------------------------------
----------------------------------------
Timestamp: 6/8/2017 2:47:55 PM

Message: Shutting down threadpool...


----------------------------------------
----------------------------------------
Timestamp: 6/8/2017 2:47:55 PM

Message: Thread pool 'BackgroundTasksService': Shutdown of thread pool completed. Threads aborted.


----------------------------------------
